<?xml version="1.0" encoding="UTF-8"?>
<!-- Generated by org.testng.reporters.JUnitReportReporter -->
<testsuite hostname="DESKTOP-BO9JQS5" failures="0" tests="1" name="AssignmentScenarios.MicTest" time="17.270" errors="0" timestamp="2022-10-18T16:38:42 IST" skipped="0">
  <testcase classname="AssignmentScenarios.MicTest" name="micTest" time="17.270"/>
  <system-out/>
</testsuite> <!-- AssignmentScenarios.MicTest -->
