<?xml version="1.0" encoding="UTF-8"?>
<!-- Generated by org.testng.reporters.JUnitReportReporter -->
<testsuite hostname="DESKTOP-BO9JQS5" failures="0" tests="1" name="AssignmentScenarios.DemoDragAndDrop" time="12.810" errors="0" timestamp="2022-11-23T16:58:36 IST" skipped="0">
  <testcase classname="AssignmentScenarios.DemoDragAndDrop" name="dragAndDrop" time="12.810"/>
  <system-out/>
</testsuite> <!-- AssignmentScenarios.DemoDragAndDrop -->
