<?xml version="1.0" encoding="UTF-8"?>
<!-- Generated by org.testng.reporters.JUnitReportReporter -->
<testsuite hostname="DESKTOP-BO9JQS5" failures="0" tests="1" name="ChromeControlTest" time="129.464" errors="0" timestamp="2022-10-18T20:57:15 IST" skipped="0">
  <testcase classname="ChromeControlTest" name="chromeControlTest" time="129.464"/>
  <system-out/>
</testsuite> <!-- ChromeControlTest -->
