<?xml version="1.0" encoding="UTF-8"?>
<!-- Generated by org.testng.reporters.JUnitReportReporter -->
<testsuite hostname="DESKTOP-BO9JQS5" failures="0" tests="1" name="MakeMyTripBusFilter2" time="84.684" errors="0" timestamp="2022-12-01T19:11:24 IST" skipped="0">
  <testcase classname="MakeMyTripBusFilter2" name="busFilter" time="84.684"/>
  <system-out/>
</testsuite> <!-- MakeMyTripBusFilter2 -->
