<?xml version="1.0" encoding="UTF-8"?>
<!-- Generated by org.testng.reporters.JUnitReportReporter -->
<testsuite hostname="DESKTOP-BO9JQS5" failures="0" tests="1" name="AssignmentScenarios.ICCRankingTableDealing" time="21.391" errors="0" timestamp="2022-11-23T16:12:51 IST" skipped="0">
  <testcase classname="AssignmentScenarios.ICCRankingTableDealing" name="dragAndDrop" time="21.391"/>
  <system-out/>
</testsuite> <!-- AssignmentScenarios.ICCRankingTableDealing -->
