<?xml version="1.0" encoding="UTF-8"?>
<!-- Generated by org.testng.reporters.JUnitReportReporter -->
<testsuite hostname="DESKTOP-BO9JQS5" failures="0" tests="1" name="AssignmentScenarios.MakeMyTrip" time="95.701" errors="0" timestamp="2022-11-25T12:48:22 IST" skipped="0">
  <testcase classname="AssignmentScenarios.MakeMyTrip" name="makeMyTripDate" time="95.701"/>
  <system-out/>
</testsuite> <!-- AssignmentScenarios.MakeMyTrip -->
