<?xml version="1.0" encoding="UTF-8"?>
<!-- Generated by org.testng.reporters.JUnitReportReporter -->
<testsuite hostname="DESKTOP-BO9JQS5" failures="0" tests="1" name="AssignmentScenarios.ICCTeamTest" time="19.276" errors="0" timestamp="2022-10-17T20:20:52 IST" skipped="0">
  <testcase classname="AssignmentScenarios.ICCTeamTest" name="teamTest" time="19.276"/>
  <system-out/>
</testsuite> <!-- AssignmentScenarios.ICCTeamTest -->
