<?xml version="1.0" encoding="UTF-8"?>
<!-- Generated by org.testng.reporters.JUnitReportReporter -->
<testsuite hostname="DESKTOP-BO9JQS5" failures="0" tests="1" name="AssignmentScenarios.YoutubePlaySongTest" time="36.781" errors="0" timestamp="2022-10-17T21:40:47 IST" skipped="0">
  <testcase classname="AssignmentScenarios.YoutubePlaySongTest" name="PlaySongTest" time="36.781"/>
  <system-out/>
</testsuite> <!-- AssignmentScenarios.YoutubePlaySongTest -->
