<?xml version="1.0" encoding="UTF-8"?>
<!-- Generated by org.testng.reporters.JUnitReportReporter -->
<testsuite hostname="DESKTOP-BO9JQS5" failures="0" tests="1" name="DataBaseAvoidDuplicate" time="3.396" errors="0" timestamp="2022-12-01T15:28:02 IST" skipped="0">
  <testcase classname="DataBaseAvoidDuplicate" name="avoidDuplicate" time="3.396"/>
  <system-out/>
</testsuite> <!-- DataBaseAvoidDuplicate -->
