<?xml version="1.0" encoding="UTF-8"?>
<!-- Generated by org.testng.reporters.JUnitReportReporter -->
<testsuite hostname="DESKTOP-BO9JQS5" failures="0" tests="1" name="AssignmentScenarios.ICCWomenTest" time="45.296" errors="0" timestamp="2022-10-17T20:23:06 IST" skipped="0">
  <testcase classname="AssignmentScenarios.ICCWomenTest" name="playerRankingWomenTest" time="45.296"/>
  <system-out/>
</testsuite> <!-- AssignmentScenarios.ICCWomenTest -->
