<?xml version="1.0" encoding="UTF-8"?>
<!-- Generated by org.testng.reporters.JUnitReportReporter -->
<testsuite hostname="DESKTOP-BO9JQS5" failures="0" tests="1" name="MakeMyTripAllBusFilter" time="62.514" errors="0" timestamp="2022-11-29T22:19:51 IST" skipped="0">
  <testcase classname="MakeMyTripAllBusFilter" name="allBusWithFilter" time="62.514"/>
  <system-out/>
</testsuite> <!-- MakeMyTripAllBusFilter -->
