<?xml version="1.0" encoding="UTF-8"?>
<!-- Generated by org.testng.reporters.JUnitReportReporter -->
<testsuite hostname="DESKTOP-BO9JQS5" failures="0" tests="1" name="AssignmentScenarios.TutotrialNinjaTest" time="17.906" errors="0" timestamp="2022-10-17T20:17:18 IST" skipped="0">
  <testcase classname="AssignmentScenarios.TutotrialNinjaTest" name="testCase01Test" time="17.906"/>
  <system-out/>
</testsuite> <!-- AssignmentScenarios.TutotrialNinjaTest -->
