<?xml version="1.0" encoding="UTF-8"?>
<!-- Generated by org.testng.reporters.JUnitReportReporter -->
<testsuite hostname="DESKTOP-BO9JQS5" failures="0" tests="1" name="BookMyShow" time="94.103" errors="0" timestamp="2022-12-02T11:07:22 IST" skipped="0">
  <testcase classname="BookMyShow" name="bookingShow" time="94.103"/>
  <system-out/>
</testsuite> <!-- BookMyShow -->
