<?xml version="1.0" encoding="UTF-8"?>
<!-- Generated by org.testng.reporters.JUnitReportReporter -->
<testsuite hostname="DESKTOP-BO9JQS5" failures="0" tests="1" name="MicTest3" time="36.239" errors="0" timestamp="2022-10-18T21:15:28 IST" skipped="0">
  <testcase classname="MicTest3" name="micTest3" time="36.239"/>
  <system-out/>
</testsuite> <!-- MicTest3 -->
