<?xml version="1.0" encoding="UTF-8"?>
<!-- Generated by org.testng.reporters.JUnitReportReporter -->
<testsuite hostname="DESKTOP-BO9JQS5" failures="0" tests="1" name="AssignmentScenarios.ICCRankingTablesDealing2" time="101.422" errors="0" timestamp="2022-11-23T17:49:25 IST" skipped="0">
  <testcase classname="AssignmentScenarios.ICCRankingTablesDealing2" name="table2test" time="101.422"/>
  <system-out/>
</testsuite> <!-- AssignmentScenarios.ICCRankingTablesDealing2 -->
