<?xml version="1.0" encoding="UTF-8"?>
<!-- Generated by org.testng.reporters.JUnitReportReporter -->
<testsuite hostname="DESKTOP-BO9JQS5" failures="0" tests="1" name="AssignmentScenarios.MakeMyTripTest" time="20.877" errors="0" timestamp="2022-10-17T21:49:43 IST" skipped="0">
  <testcase classname="AssignmentScenarios.MakeMyTripTest" name="makeMyTripTest" time="20.877"/>
  <system-out/>
</testsuite> <!-- AssignmentScenarios.MakeMyTripTest -->
