<?xml version="1.0" encoding="UTF-8"?>
<!-- Generated by org.testng.reporters.JUnitReportReporter -->
<testsuite hostname="DESKTOP-BO9JQS5" failures="0" tests="1" name="AssignmentScenarios.ICCRankDropDownTest" time="20.447" errors="0" timestamp="2022-10-17T20:21:41 IST" skipped="0">
  <testcase classname="AssignmentScenarios.ICCRankDropDownTest" name="rankDropDownTest" time="20.447"/>
  <system-out/>
</testsuite> <!-- AssignmentScenarios.ICCRankDropDownTest -->
